2022-01-18 22:31:33,861  INFO [main] outstationStepDef:14 - URL Opened
2022-01-18 22:31:34,650  INFO [main] outstationStepDef:14 - car rental is clicked in page rental
2022-01-18 22:31:41,132  INFO [main] outstationStepDef:14 - name is clicked in page name
2022-01-18 22:31:42,038  INFO [main] outstationStepDef:14 - name is send in page name
2022-01-18 22:31:42,771  INFO [main] outstationStepDef:14 - company name is clicked in page compname
2022-01-18 22:31:43,292  INFO [main] outstationStepDef:14 - company name is send in page compname
2022-01-18 22:31:44,060  INFO [main] outstationStepDef:14 - email is clicked in page email
2022-01-18 22:31:44,560  INFO [main] outstationStepDef:14 - email is send in page email
2022-01-18 22:31:45,286  INFO [main] outstationStepDef:14 - phone no is clicked in page phoneno
2022-01-18 22:31:45,774  INFO [main] outstationStepDef:14 - phone no is send in page phoneno
2022-01-18 22:31:46,636  INFO [main] outstationStepDef:14 - submit is clicked in page submit
2022-01-18 22:32:07,108  INFO [main] outstationStepDef:14 - result detail shown 
2022-01-18 22:32:07,856  INFO [main] outstationStepDef:14 - home page is clicked in page home page
2022-01-18 22:32:15,257  INFO [main] validpageStepDef:14 - URL Opened
2022-01-18 22:32:15,940  INFO [main] validpageStepDef:14 - One way cab is clicked in page onewaycab
2022-01-18 22:32:28,553  INFO [main] validpageStepDef:14 - chennaitab is clicked in page chennai
2022-01-18 22:32:31,028  INFO [main] validpageStepDef:14 - trl is clicked in page trl
2022-01-18 22:32:40,563  INFO [main] validpageStepDef:14 - home page is clicked in page home page
2022-01-18 22:32:46,337  INFO [main] validpageStepDef:14 - URL Opened
2022-01-18 22:32:46,944  INFO [main] validpageStepDef:14 - signin is clicked in page home page
2022-01-18 22:32:52,337  INFO [main] validpageStepDef:14 - Email field is send in page Account Log in
2022-01-18 22:32:52,598  INFO [main] validpageStepDef:14 - password field is send in page Account Log in
2022-01-18 22:32:53,070  INFO [main] validpageStepDef:14 - sign in button is clicked in page Account Log in
2022-01-18 22:32:58,875  INFO [main] outstationStepDef:14 - URL Opened
2022-01-18 22:32:59,482  INFO [main] outstationStepDef:14 - signin is clicked in page home page
2022-01-18 22:33:04,895  INFO [main] outstationStepDef:14 - Email field is send in page Account Log in
2022-01-18 22:33:05,180  INFO [main] outstationStepDef:14 - password field is send in page Account Log in
2022-01-18 22:33:05,634  INFO [main] outstationStepDef:14 - sign in button is clicked in page Account Log in
2022-01-18 22:33:06,142  INFO [main] outstationStepDef:14 - img is clicked in page img
2022-01-18 22:33:08,714  INFO [main] outstationStepDef:14 - bookings is clicked in page bookings
2022-01-18 22:33:11,173  INFO [main] outstationStepDef:14 - cancelled is clicked in page cancelled
2022-01-18 22:33:13,639  INFO [main] outstationStepDef:14 - completed is clicked in page completed
2022-01-18 22:33:16,192  INFO [main] outstationStepDef:14 - booknow is clicked in page booknow
2022-01-18 22:33:18,586  INFO [main] outstationStepDef:14 - img is clicked in page img
2022-01-18 22:33:21,205  INFO [main] outstationStepDef:14 - accountsetting is clicked in page accountsetting
2022-01-18 22:33:23,931  INFO [main] outstationStepDef:14 - home is clicked in page home
2022-01-18 22:33:26,534  INFO [main] outstationStepDef:14 - img is clicked in page img
2022-01-18 22:33:29,198  INFO [main] outstationStepDef:14 - logout is clicked in page logout
2022-01-18 22:33:29,525  INFO [main] outstationStepDef:14 - Signed out sucessfully 
2022-01-18 22:33:35,973  INFO [main] validpageStepDef:14 - URL Opened
2022-01-18 22:33:36,617  INFO [main] validpageStepDef:14 - airport button is clicked in page Home Page
2022-01-18 22:33:37,210  INFO [main] validpageStepDef:14 - from bar is clicked in page airport Page
2022-01-18 22:33:37,621  INFO [main] validpageStepDef:14 - from Bar is send in page airport Page
2022-01-18 22:33:38,142  INFO [main] validpageStepDef:14 - from is clicked in page Airport Page
2022-01-18 22:33:38,742  INFO [main] validpageStepDef:14 - dropaddress is clicked in page address
2022-01-18 22:33:39,053  INFO [main] validpageStepDef:14 - dropaddress is send in page address
2022-01-18 22:33:43,800  INFO [main] validpageStepDef:14 - dropaddress is clicked in page address
2022-01-18 22:33:46,523  INFO [main] validpageStepDef:14 - selected is clicked in page select
2022-01-18 22:33:49,146  INFO [main] validpageStepDef:14 - select car is clicked in page select
2022-01-18 22:33:55,492  INFO [main] validpageStepDef:14 - booking detail shown 
2022-01-18 22:33:56,001  INFO [main] validpageStepDef:14 - home page is clicked in page home page
2022-01-18 22:34:02,012  INFO [main] downloadappStepDef:14 - URL Opened
2022-01-18 22:34:02,626  INFO [main] downloadappStepDef:14 - playstore is clicked in page playstore
2022-01-18 22:34:07,028  INFO [main] downloadappStepDef:14 - playsrore detail shown 
2022-01-18 22:34:07,499  INFO [main] downloadappStepDef:14 - home page is clicked in page home page
2022-01-18 22:34:13,059  INFO [main] validpageStepDef:14 - URL Opened
2022-01-18 22:34:13,728  INFO [main] validpageStepDef:14 - local is clicked in page local
2022-01-18 22:34:14,301  INFO [main] validpageStepDef:14 - from place is clicked in page from
2022-01-18 22:34:14,734  INFO [main] validpageStepDef:14 - place is send in page from
2022-01-18 22:34:17,437  INFO [main] validpageStepDef:14 - selected is clicked in page select
2022-01-18 22:34:19,874  INFO [main] validpageStepDef:14 - time is clicked in page time
2022-01-18 22:34:20,410  INFO [main] validpageStepDef:14 - select car is clicked in page select
2022-01-18 22:34:20,647  INFO [main] validpageStepDef:14 - booking detail shown 
2022-01-18 22:34:21,206  INFO [main] validpageStepDef:14 - home page is clicked in page home page
2022-01-18 22:34:26,940  INFO [main] outstationStepDef:14 - URL Opened
2022-01-18 22:34:27,554  INFO [main] outstationStepDef:14 - from place is clicked in page from
2022-01-18 22:34:27,984  INFO [main] outstationStepDef:14 - place is send in page from
2022-01-18 22:34:28,610  INFO [main] outstationStepDef:14 - place is clicked in page to
2022-01-18 22:34:28,989  INFO [main] outstationStepDef:14 - place is send in page to
2022-01-18 22:34:29,507  INFO [main] outstationStepDef:14 - place is clicked in page to
2022-01-18 22:34:34,227  INFO [main] outstationStepDef:14 - selected is clicked in page select
2022-01-18 22:34:36,365  INFO [main] outstationStepDef:14 - Successfully verified
2022-01-18 22:34:38,937  INFO [main] outstationStepDef:14 - home page is clicked in page home page
2022-01-18 22:34:46,068  INFO [main] validpageStepDef:14 - URL Opened
2022-01-18 22:34:48,710  INFO [main] validpageStepDef:14 - round is clicked in page round
2022-01-18 22:34:49,227  INFO [main] validpageStepDef:14 - from place is clicked in page from
2022-01-18 22:34:49,559  INFO [main] validpageStepDef:14 - place is send in page from
2022-01-18 22:34:50,069  INFO [main] validpageStepDef:14 - place is clicked in page to
2022-01-18 22:34:50,461  INFO [main] validpageStepDef:14 - place is send in page to
2022-01-18 22:34:50,971  INFO [main] validpageStepDef:14 - place is clicked in page to
2022-01-18 22:34:55,673  INFO [main] validpageStepDef:14 - selected is clicked in page select
2022-01-18 22:34:58,265  INFO [main] validpageStepDef:14 - select car is clicked in page select
2022-01-18 22:34:58,472  INFO [main] validpageStepDef:14 - booking detail shown 
2022-01-18 22:34:59,095  INFO [main] validpageStepDef:14 - home page is clicked in page home page
2022-01-18 22:35:04,914  INFO [main] validpageStepDef:14 - URL Opened
2022-01-18 22:35:05,212  INFO [main] validpageStepDef:14 - Page opend with title Book Outstation Cabs, Local & Airport Taxi Service - India's Leading Car Rentals
