2022-01-18 22:44:14,131  INFO [main] outstationStepDef:14 - URL Opened
2022-01-18 22:44:14,898  INFO [main] outstationStepDef:14 - car rental is clicked in page rental
2022-01-18 22:44:21,413  INFO [main] outstationStepDef:14 - name is clicked in page name
2022-01-18 22:44:21,915  INFO [main] outstationStepDef:14 - name is send in page name
2022-01-18 22:44:22,658  INFO [main] outstationStepDef:14 - company name is clicked in page compname
2022-01-18 22:44:23,126  INFO [main] outstationStepDef:14 - company name is send in page compname
2022-01-18 22:44:23,897  INFO [main] outstationStepDef:14 - email is clicked in page email
2022-01-18 22:44:24,459  INFO [main] outstationStepDef:14 - email is send in page email
2022-01-18 22:44:25,189  INFO [main] outstationStepDef:14 - phone no is clicked in page phoneno
2022-01-18 22:44:25,709  INFO [main] outstationStepDef:14 - phone no is send in page phoneno
2022-01-18 22:44:26,582  INFO [main] outstationStepDef:14 - submit is clicked in page submit
2022-01-18 22:44:47,181  INFO [main] outstationStepDef:14 - result detail shown 
2022-01-18 22:44:47,959  INFO [main] outstationStepDef:14 - home page is clicked in page home page
2022-01-18 22:44:54,193  INFO [main] validpageStepDef:14 - URL Opened
2022-01-18 22:44:54,880  INFO [main] validpageStepDef:14 - One way cab is clicked in page onewaycab
2022-01-18 22:45:07,533  INFO [main] validpageStepDef:14 - chennaitab is clicked in page chennai
2022-01-18 22:45:10,042  INFO [main] validpageStepDef:14 - trl is clicked in page trl
2022-01-18 22:45:19,604  INFO [main] validpageStepDef:14 - home page is clicked in page home page
2022-01-18 22:45:25,079  INFO [main] validpageStepDef:14 - URL Opened
2022-01-18 22:45:25,679  INFO [main] validpageStepDef:14 - signin is clicked in page home page
2022-01-18 22:45:31,117  INFO [main] validpageStepDef:14 - Email field is send in page Account Log in
2022-01-18 22:45:31,399  INFO [main] validpageStepDef:14 - password field is send in page Account Log in
2022-01-18 22:45:31,873  INFO [main] validpageStepDef:14 - sign in button is clicked in page Account Log in
2022-01-18 22:45:37,537  INFO [main] outstationStepDef:14 - URL Opened
2022-01-18 22:45:38,129  INFO [main] outstationStepDef:14 - signin is clicked in page home page
2022-01-18 22:45:43,519  INFO [main] outstationStepDef:14 - Email field is send in page Account Log in
2022-01-18 22:45:43,763  INFO [main] outstationStepDef:14 - password field is send in page Account Log in
2022-01-18 22:45:44,243  INFO [main] outstationStepDef:14 - sign in button is clicked in page Account Log in
2022-01-18 22:45:44,442 ERROR [main] outstationStepDef:21 - img is not able clicked in page img
2022-01-18 22:45:50,089  INFO [main] validpageStepDef:14 - URL Opened
2022-01-18 22:45:50,705  INFO [main] validpageStepDef:14 - airport button is clicked in page Home Page
2022-01-18 22:45:51,243  INFO [main] validpageStepDef:14 - from bar is clicked in page airport Page
2022-01-18 22:45:51,680  INFO [main] validpageStepDef:14 - from Bar is send in page airport Page
2022-01-18 22:45:52,271  INFO [main] validpageStepDef:14 - from is clicked in page Airport Page
2022-01-18 22:45:53,013  INFO [main] validpageStepDef:14 - dropaddress is clicked in page address
2022-01-18 22:45:53,338  INFO [main] validpageStepDef:14 - dropaddress is send in page address
2022-01-18 22:45:58,028  INFO [main] validpageStepDef:14 - dropaddress is clicked in page address
2022-01-18 22:46:00,687  INFO [main] validpageStepDef:14 - selected is clicked in page select
2022-01-18 22:46:03,277  INFO [main] validpageStepDef:14 - select car is clicked in page select
2022-01-18 22:46:09,539  INFO [main] validpageStepDef:14 - booking detail shown 
2022-01-18 22:46:10,072  INFO [main] validpageStepDef:14 - home page is clicked in page home page
2022-01-18 22:46:16,828  INFO [main] downloadappStepDef:14 - URL Opened
2022-01-18 22:46:17,476  INFO [main] downloadappStepDef:14 - playstore is clicked in page playstore
2022-01-18 22:46:21,843  INFO [main] downloadappStepDef:14 - playsrore detail shown 
2022-01-18 22:46:22,330  INFO [main] downloadappStepDef:14 - home page is clicked in page home page
2022-01-18 22:46:27,799  INFO [main] validpageStepDef:14 - URL Opened
2022-01-18 22:46:28,446  INFO [main] validpageStepDef:14 - local is clicked in page local
2022-01-18 22:46:29,034  INFO [main] validpageStepDef:14 - from place is clicked in page from
2022-01-18 22:46:29,438  INFO [main] validpageStepDef:14 - place is send in page from
2022-01-18 22:46:32,063  INFO [main] validpageStepDef:14 - selected is clicked in page select
2022-01-18 22:46:34,500  INFO [main] validpageStepDef:14 - time is clicked in page time
2022-01-18 22:46:35,113  INFO [main] validpageStepDef:14 - select car is clicked in page select
2022-01-18 22:46:35,315  INFO [main] validpageStepDef:14 - booking detail shown 
2022-01-18 22:46:35,822  INFO [main] validpageStepDef:14 - home page is clicked in page home page
2022-01-18 22:46:41,185  INFO [main] outstationStepDef:14 - URL Opened
2022-01-18 22:46:41,802  INFO [main] outstationStepDef:14 - from place is clicked in page from
2022-01-18 22:46:42,208  INFO [main] outstationStepDef:14 - place is send in page from
2022-01-18 22:46:42,772  INFO [main] outstationStepDef:14 - place is clicked in page to
2022-01-18 22:46:43,181  INFO [main] outstationStepDef:14 - place is send in page to
2022-01-18 22:46:43,705  INFO [main] outstationStepDef:14 - place is clicked in page to
2022-01-18 22:46:48,388  INFO [main] outstationStepDef:14 - selected is clicked in page select
2022-01-18 22:46:50,552  INFO [main] outstationStepDef:14 - Successfully verified
2022-01-18 22:46:53,132  INFO [main] outstationStepDef:14 - home page is clicked in page home page
2022-01-18 22:47:00,986  INFO [main] validpageStepDef:14 - URL Opened
2022-01-18 22:47:03,654  INFO [main] validpageStepDef:14 - round is clicked in page round
2022-01-18 22:47:04,180  INFO [main] validpageStepDef:14 - from place is clicked in page from
2022-01-18 22:47:04,529  INFO [main] validpageStepDef:14 - place is send in page from
2022-01-18 22:47:05,062  INFO [main] validpageStepDef:14 - place is clicked in page to
2022-01-18 22:47:05,419  INFO [main] validpageStepDef:14 - place is send in page to
2022-01-18 22:47:05,941  INFO [main] validpageStepDef:14 - place is clicked in page to
2022-01-18 22:47:10,657  INFO [main] validpageStepDef:14 - selected is clicked in page select
2022-01-18 22:47:13,303  INFO [main] validpageStepDef:14 - select car is clicked in page select
2022-01-18 22:47:13,509  INFO [main] validpageStepDef:14 - booking detail shown 
2022-01-18 22:47:14,043  INFO [main] validpageStepDef:14 - home page is clicked in page home page
2022-01-18 22:47:20,221  INFO [main] validpageStepDef:14 - URL Opened
2022-01-18 22:47:20,515  INFO [main] validpageStepDef:14 - Page opend with title Book Outstation Cabs, Local & Airport Taxi Service - India's Leading Car Rentals
