2022-01-18 23:11:14,903  INFO [main] outstationStepDef:14 - URL Opened
2022-01-18 23:11:15,713  INFO [main] outstationStepDef:14 - car rental is clicked in page rental
2022-01-18 23:11:22,303  INFO [main] outstationStepDef:14 - name is clicked in page name
2022-01-18 23:11:22,747  INFO [main] outstationStepDef:14 - name is send in page name
2022-01-18 23:11:23,390  INFO [main] outstationStepDef:14 - company name is clicked in page compname
2022-01-18 23:11:23,901  INFO [main] outstationStepDef:14 - company name is send in page compname
2022-01-18 23:11:24,630  INFO [main] outstationStepDef:14 - email is clicked in page email
2022-01-18 23:11:25,168  INFO [main] outstationStepDef:14 - email is send in page email
2022-01-18 23:11:25,878  INFO [main] outstationStepDef:14 - phone no is clicked in page phoneno
2022-01-18 23:11:26,420  INFO [main] outstationStepDef:14 - phone no is send in page phoneno
2022-01-18 23:11:27,257  INFO [main] outstationStepDef:14 - submit is clicked in page submit
2022-01-18 23:11:47,776  INFO [main] outstationStepDef:14 - result detail shown 
2022-01-18 23:11:48,498  INFO [main] outstationStepDef:14 - home page is clicked in page home page
2022-01-18 23:11:54,731  INFO [main] validpageStepDef:14 - URL Opened
2022-01-18 23:11:55,395  INFO [main] validpageStepDef:14 - One way cab is clicked in page onewaycab
2022-01-18 23:12:08,283  INFO [main] validpageStepDef:14 - chennaitab is clicked in page chennai
2022-01-18 23:12:10,778  INFO [main] validpageStepDef:14 - trl is clicked in page trl
2022-01-18 23:12:20,308  INFO [main] validpageStepDef:14 - home page is clicked in page home page
2022-01-18 23:12:26,904  INFO [main] validpageStepDef:14 - URL Opened
2022-01-18 23:12:27,456  INFO [main] validpageStepDef:14 - signin is clicked in page home page
2022-01-18 23:12:32,849  INFO [main] validpageStepDef:14 - Email field is send in page Account Log in
2022-01-18 23:12:33,107  INFO [main] validpageStepDef:14 - password field is send in page Account Log in
2022-01-18 23:12:33,546  INFO [main] validpageStepDef:14 - sign in button is clicked in page Account Log in
2022-01-18 23:12:33,792  INFO [main] validpageStepDef:14 - Successfully logged in
2022-01-18 23:12:40,491  INFO [main] outstationStepDef:14 - URL Opened
2022-01-18 23:12:41,118  INFO [main] outstationStepDef:14 - signin is clicked in page home page
2022-01-18 23:12:46,484  INFO [main] outstationStepDef:14 - Email field is send in page Account Log in
2022-01-18 23:12:46,783  INFO [main] outstationStepDef:14 - password field is send in page Account Log in
2022-01-18 23:12:47,403  INFO [main] outstationStepDef:14 - sign in button is clicked in page Account Log in
2022-01-18 23:12:47,903  INFO [main] outstationStepDef:14 - img is clicked in page img
2022-01-18 23:12:50,589  INFO [main] outstationStepDef:14 - bookings is clicked in page bookings
2022-01-18 23:12:53,071  INFO [main] outstationStepDef:14 - cancelled is clicked in page cancelled
2022-01-18 23:12:55,475  INFO [main] outstationStepDef:14 - completed is clicked in page completed
2022-01-18 23:12:57,609 ERROR [main] outstationStepDef:21 - booknow is not able clicked in page booknow
2022-01-18 23:13:03,835  INFO [main] validpageStepDef:14 - URL Opened
2022-01-18 23:13:04,507  INFO [main] validpageStepDef:14 - airport button is clicked in page Home Page
2022-01-18 23:13:05,089  INFO [main] validpageStepDef:14 - from bar is clicked in page airport Page
2022-01-18 23:13:05,940  INFO [main] validpageStepDef:14 - from Bar is send in page airport Page
2022-01-18 23:13:06,486  INFO [main] validpageStepDef:14 - from is clicked in page Airport Page
2022-01-18 23:13:07,169  INFO [main] validpageStepDef:14 - dropaddress is clicked in page address
2022-01-18 23:13:07,512  INFO [main] validpageStepDef:14 - dropaddress is send in page address
2022-01-18 23:13:12,259  INFO [main] validpageStepDef:14 - dropaddress is clicked in page address
2022-01-18 23:13:14,977  INFO [main] validpageStepDef:14 - selected is clicked in page select
2022-01-18 23:13:17,541  INFO [main] validpageStepDef:14 - select car is clicked in page select
2022-01-18 23:13:23,752  INFO [main] validpageStepDef:14 - booking detail shown 
2022-01-18 23:13:24,276  INFO [main] validpageStepDef:14 - home page is clicked in page home page
2022-01-18 23:13:30,533  INFO [main] downloadappStepDef:14 - URL Opened
2022-01-18 23:13:31,167  INFO [main] downloadappStepDef:14 - playstore is clicked in page playstore
2022-01-18 23:13:35,536  INFO [main] downloadappStepDef:14 - playsrore detail shown 
2022-01-18 23:13:36,119  INFO [main] downloadappStepDef:14 - home page is clicked in page home page
2022-01-18 23:13:42,841  INFO [main] validpageStepDef:14 - URL Opened
2022-01-18 23:13:43,466  INFO [main] validpageStepDef:14 - local is clicked in page local
2022-01-18 23:13:44,082  INFO [main] validpageStepDef:14 - from place is clicked in page from
2022-01-18 23:13:44,750  INFO [main] validpageStepDef:14 - place is send in page from
2022-01-18 23:13:47,396  INFO [main] validpageStepDef:14 - selected is clicked in page select
2022-01-18 23:13:49,819  INFO [main] validpageStepDef:14 - time is clicked in page time
2022-01-18 23:13:50,507  INFO [main] validpageStepDef:14 - select car is clicked in page select
2022-01-18 23:13:50,660  INFO [main] validpageStepDef:14 - booking detail shown 
2022-01-18 23:13:51,331  INFO [main] validpageStepDef:14 - home page is clicked in page home page
2022-01-18 23:13:57,102  INFO [main] outstationStepDef:14 - URL Opened
2022-01-18 23:13:57,668  INFO [main] outstationStepDef:14 - from place is clicked in page from
2022-01-18 23:13:58,076  INFO [main] outstationStepDef:14 - place is send in page from
2022-01-18 23:13:58,727  INFO [main] outstationStepDef:14 - place is clicked in page to
2022-01-18 23:13:59,139  INFO [main] outstationStepDef:14 - place is send in page to
2022-01-18 23:13:59,694  INFO [main] outstationStepDef:14 - place is clicked in page to
2022-01-18 23:14:04,416  INFO [main] outstationStepDef:14 - selected is clicked in page select
2022-01-18 23:14:06,572  INFO [main] outstationStepDef:14 - Successfully verified
2022-01-18 23:14:09,141  INFO [main] outstationStepDef:14 - home page is clicked in page home page
2022-01-18 23:14:17,350  INFO [main] validpageStepDef:14 - URL Opened
2022-01-18 23:14:20,033  INFO [main] validpageStepDef:14 - round is clicked in page round
2022-01-18 23:14:20,580  INFO [main] validpageStepDef:14 - from place is clicked in page from
2022-01-18 23:14:20,950  INFO [main] validpageStepDef:14 - place is send in page from
2022-01-18 23:14:21,463  INFO [main] validpageStepDef:14 - place is clicked in page to
2022-01-18 23:14:21,855  INFO [main] validpageStepDef:14 - place is send in page to
2022-01-18 23:14:22,404  INFO [main] validpageStepDef:14 - place is clicked in page to
2022-01-18 23:14:27,107  INFO [main] validpageStepDef:14 - selected is clicked in page select
2022-01-18 23:14:29,693  INFO [main] validpageStepDef:14 - select car is clicked in page select
2022-01-18 23:14:29,897  INFO [main] validpageStepDef:14 - booking detail shown 
2022-01-18 23:14:30,526  INFO [main] validpageStepDef:14 - home page is clicked in page home page
2022-01-18 23:14:36,906  INFO [main] validpageStepDef:14 - URL Opened
2022-01-18 23:14:37,202  INFO [main] validpageStepDef:14 - Page opend with title Book Outstation Cabs, Local & Airport Taxi Service - India's Leading Car Rentals
